<?xml version="1.0" encoding="UTF-8"?>
<testsuite xmlns:xsi="http://www.w3.org/2001/XMLSchema-instance" xsi:noNamespaceSchemaLocation="https://maven.apache.org/surefire/maven-surefire-plugin/xsd/surefire-test-report-3.0.xsd" version="3.0" name="tests.DemoSet" time="17.438" tests="4" errors="0" skipped="0" failures="0">
  <properties>
[...]
</properties>
  <testcase name="user can search for words and press enter to search" classname="tests.DemoSet" time="4.572"/>
  <testcase name="user can search for words and press button to search{String, String}[1]" classname="tests.DemoSet" time="3.8"/>
  <testcase name="user can search for words and press button to search{String, String}[2]" classname="tests.DemoSet" time="3.015"/>
  <testcase name="user can search for words and press button to search{String, String}[3]" classname="tests.DemoSet" time="2.782"/>
</testsuite>