<?xml version="1.0" encoding="UTF-8"?>
<testsuite xmlns:xsi="http://www.w3.org/2001/XMLSchema-instance" xsi:noNamespaceSchemaLocation="https://maven.apache.org/surefire/maven-surefire-plugin/xsd/surefire-test-report-3.0.xsd" version="3.0" name="tests.RegressionSet" time="16.334" tests="3" errors="3" skipped="0" failures="0">
  <properties>
[...]
</properties>
  <testcase name="user can create document based on Quality template" classname="tests.RegressionSet" time="12.197">
    <error message="Expected condition failed: waiting for tools.PageObjectIDM$Locator$element$2$$Lambda$479/265348534@79a1728c (tried for 10 second(s) with 200 milliseconds interval)" type="org.openqa.selenium.TimeoutException">org.openqa.selenium.TimeoutException: Expected condition failed: waiting for tools.PageObjectIDM$Locator$element$2$$Lambda$479/265348534@79a1728c (tried for 10 second(s) with 200 milliseconds interval)
	at tests.RegressionSet.user can create document based on Quality template(RegressionSet.kt:27)
Caused by: org.openqa.selenium.NoSuchElementException: 
no such element: Unable to locate element: {"method":"css selector","selector":"#username"}
  (Session info: headless chrome=92.0.4515.159)
For documentation on this error, please visit: https://www.seleniumhq.org/exceptions/no_such_element.html
Build info: version: '3.141.59', revision: 'e82be7d358', time: '2018-11-14T08:17:03'
System info: host: 'DESKTOP-JVFBDES', ip: '172.29.208.1', os.name: 'Windows 10', os.arch: 'amd64', os.version: '10.0', java.version: '1.8.0_302'
Driver info: org.openqa.selenium.chrome.ChromeDriver
Capabilities {acceptInsecureCerts: false, browserName: chrome, browserVersion: 92.0.4515.159, chrome: {chromedriverVersion: 92.0.4515.107 (87a818b10553..., userDataDir: C:\Users\siemt\AppData\Loca...}, goog:chromeOptions: {debuggerAddress: localhost:50458}, javascriptEnabled: true, networkConnectionEnabled: false, pageLoadStrategy: normal, platform: WINDOWS, platformName: WINDOWS, proxy: Proxy(), setWindowRect: true, strictFileInteractability: false, timeouts: {implicit: 0, pageLoad: 300000, script: 30000}, unhandledPromptBehavior: dismiss and notify, webauthn:extension:credBlob: true, webauthn:extension:largeBlob: true, webauthn:virtualAuthenticators: true}
Session ID: eb50172a8f72751cd31da3de5c90faa2
*** Element info: {Using=id, value=username}
	at tests.RegressionSet.user can create document based on Quality template(RegressionSet.kt:27)
</error>
    <system-out><![CDATA[[--headless, --disable-gpu, --window-size=1920,1200, --incognito]
opened https://www.google.com
]]></system-out>
    <system-err><![CDATA[Starting ChromeDriver 92.0.4515.107 (87a818b10553a07434ea9e2b6dccf3cbe7895134-refs/branch-heads/4515@{#1634}) on port 1656
Only local connections are allowed.
Please see https://chromedriver.chromium.org/security-considerations for suggestions on keeping ChromeDriver safe.
ChromeDriver was started successfully.
Aug 29, 2021 2:30:10 PM org.openqa.selenium.remote.ProtocolHandshake createSession
INFO: Detected dialect: W3C
]]></system-err>
  </testcase>
  <testcase name="user can log in to Direct" classname="tests.RegressionSet" time="1.311">
    <error message="tests/RegressionSet$user can log in to Direct$1" type="java.lang.NoClassDefFoundError">java.lang.NoClassDefFoundError: tests/RegressionSet$user can log in to Direct$1
	at tests.RegressionSet.user can log in to Direct(RegressionSet.kt:13)
Caused by: java.lang.ClassNotFoundException: tests.RegressionSet$user can log in to Direct$1
	at tests.RegressionSet.user can log in to Direct(RegressionSet.kt:13)
</error>
    <system-out><![CDATA[opened https://www.google.com
]]></system-out>
  </testcase>
  <testcase name="tests.RegressionSet" classname="tests.RegressionSet" time="2.948">
    <error message=".\reports\json\RegressionSet.json (The system cannot find the path specified)" type="java.io.FileNotFoundException">java.io.FileNotFoundException: .\reports\json\RegressionSet.json (The system cannot find the path specified)
</error>
    <system-out><![CDATA[Done all tests: RegressionSet
]]></system-out>
  </testcase>
</testsuite>